0 info it worked if it ends with ok
1 verbose cli [ 'C:\\Program Files (x86)\\Nodist\\v-x64\\8.9.0\\node.exe',
1 verbose cli   'C:\\Program Files (x86)\\Nodist\\npmv\\4.0.5\\bin\\npm-cli.js',
1 verbose cli   'run',
1 verbose cli   'version',
1 verbose cli   'patch' ]
2 info using npm@4.0.5
3 info using node@v8.9.0
4 verbose run-script [ 'preversion', 'version', 'postversion' ]
5 info lifecycle frontend-styleguide@0.0.2~preversion: frontend-styleguide@0.0.2
6 warn lifecycle The node binary used for scripts is C:\Program Files (x86)\Nodist\bin\node.exe but npm is using C:\Program Files (x86)\Nodist\v-x64\8.9.0\node.exe itself. Use the `--scripts-prepend-node-path` option to include the path for the node binary npm was executed with.
7 silly lifecycle frontend-styleguide@0.0.2~preversion: no script for preversion, continuing
8 info lifecycle frontend-styleguide@0.0.2~version: frontend-styleguide@0.0.2
9 verbose lifecycle frontend-styleguide@0.0.2~version: unsafe-perm in lifecycle true
10 verbose lifecycle frontend-styleguide@0.0.2~version: PATH: C:\Program Files (x86)\Nodist\npmv\4.0.5\bin\node-gyp-bin;C:\Data\Projects\Fusion\fusion-frontend-coding-styleguide\node_modules\.bin;C:\Program Files\Docker\Docker\Resources\bin;C:\Perl\site\bin;C:\Perl\bin;C:\tools\ruby24\bin;C:\ProgramData\Oracle\Java\javapath;C:\Python27\;C:\Python27\Scripts;C:\WINDOWS\system32;C:\WINDOWS;C:\WINDOWS\System32\Wbem;C:\WINDOWS\System32\WindowsPowerShell\v1.0\;C:\Program Files\Git\cmd;C:\Program Files\Git\mingw64\bin;C:\Program Files\Git\usr\bin;C:\Program Files (x86)\Skype\Phone\;C:\HashiCorp\Vagrant\bin;C:\ProgramData\chocolatey\lib\Elixir/bin;C:\Users\zenobius\.dnx\bin;C:\Program Files\Microsoft DNX\Dnvm\;C:\Program Files\Microsoft SQL Server\130\Tools\Binn\;C:\ProgramData\chocolatey\bin;C:\Program Files\OpenSSH-Win64;C:\Program Files (x86)\Windows Kits\8.1\Windows Performance Toolkit\;C:\Program Files\dotnet\;C:\Program Files (x86)\Nodist\bin;C:\salt;C:\Android;C:\Windows\System32;C:\WINDOWS\system32;C:\WINDOWS;C:\WINDOWS\System32\Wbem;C:\WINDOWS\System32\WindowsPowerShell\v1.0\;C:\Program Files (x86)\arbtt\bin;C:\Users\zenobius\scoop\shims;C:\Users\zenobius\AppData\Local\Microsoft\WindowsApps;C:\Users\zenobius\AppData\Roaming\Boxstarter;C:\Program Files (x86)\Microsoft VS Code\bin;c:\Users\zenobius\AppData\Local\hyper;%USERPROFILE%\AppData\Local\Microsoft\WindowsApps;;C:\Users\zenobius/Applications/
11 verbose lifecycle frontend-styleguide@0.0.2~version: CWD: C:\Data\Projects\Fusion\fusion-frontend-coding-styleguide
12 silly lifecycle frontend-styleguide@0.0.2~version: Args: [ '/d /s /c',
12 silly lifecycle   'conventional-changelog -p eslint -i CHANGELOG.md -s -r 0 && git add CHANGELOG.md "patch"' ]
13 silly lifecycle frontend-styleguide@0.0.2~version: Returned: code: 128  signal: null
14 info lifecycle frontend-styleguide@0.0.2~version: Failed to exec version script
15 verbose stack Error: frontend-styleguide@0.0.2 version: `conventional-changelog -p eslint -i CHANGELOG.md -s -r 0 && git add CHANGELOG.md "patch"`
15 verbose stack Exit status 128
15 verbose stack     at EventEmitter.<anonymous> (C:\Program Files (x86)\Nodist\npmv\4.0.5\lib\utils\lifecycle.js:279:16)
15 verbose stack     at emitTwo (events.js:126:13)
15 verbose stack     at EventEmitter.emit (events.js:214:7)
15 verbose stack     at ChildProcess.<anonymous> (C:\Program Files (x86)\Nodist\npmv\4.0.5\lib\utils\spawn.js:40:14)
15 verbose stack     at emitTwo (events.js:126:13)
15 verbose stack     at ChildProcess.emit (events.js:214:7)
15 verbose stack     at maybeClose (internal/child_process.js:925:16)
15 verbose stack     at Process.ChildProcess._handle.onexit (internal/child_process.js:209:5)
16 verbose pkgid frontend-styleguide@0.0.2
17 verbose cwd C:\Data\Projects\Fusion\fusion-frontend-coding-styleguide
18 error Windows_NT 10.0.16299
19 error argv "C:\\Program Files (x86)\\Nodist\\v-x64\\8.9.0\\node.exe" "C:\\Program Files (x86)\\Nodist\\npmv\\4.0.5\\bin\\npm-cli.js" "run" "version" "patch"
20 error node v8.9.0
21 error npm  v4.0.5
22 error code ELIFECYCLE
23 error frontend-styleguide@0.0.2 version: `conventional-changelog -p eslint -i CHANGELOG.md -s -r 0 && git add CHANGELOG.md "patch"`
23 error Exit status 128
24 error Failed at the frontend-styleguide@0.0.2 version script 'conventional-changelog -p eslint -i CHANGELOG.md -s -r 0 && git add CHANGELOG.md "patch"'.
24 error Make sure you have the latest version of node.js and npm installed.
24 error If you do, this is most likely a problem with the frontend-styleguide package,
24 error not with npm itself.
24 error Tell the author that this fails on your system:
24 error     conventional-changelog -p eslint -i CHANGELOG.md -s -r 0 && git add CHANGELOG.md "patch"
24 error You can get information on how to open an issue for this project with:
24 error     npm bugs frontend-styleguide
24 error Or if that isn't available, you can get their info via:
24 error     npm owner ls frontend-styleguide
24 error There is likely additional logging output above.
25 verbose exit [ 1, true ]
